#
# A fatal error has been detected by the Java Runtime Environment:
#
#  EXCEPTION_ACCESS_VIOLATION (0xc0000005) at pc=0x000000006cd68845, pid=7832, tid=12096
#
# JRE version: Java(TM) SE Runtime Environment (8.0_60-b27) (build 1.8.0_60-b27)
# Java VM: Java HotSpot(TM) 64-Bit Server VM (25.60-b23 mixed mode windows-amd64 compressed oops)
# Problematic frame:
# V  [jvm.dll+0x128845]
#
# Failed to write core dump. Minidumps are not enabled by default on client versions of Windows
#
# If you would like to submit a bug report, please visit:
#   http://bugreport.java.com/bugreport/crash.jsp
#

---------------  T H R E A D  ---------------

Current thread (0x0000000016f75800):  JavaThread "JDWP Transport Listener: dt_socket" daemon [_thread_in_vm, id=12096, stack(0x00000000188f0000,0x00000000189f0000)]

siginfo: ExceptionCode=0xc0000005, reading address 0x0000003b6e003b65

Registers:
RAX=0x00000000189ef701, RBX=0x0000000016f75800, RCX=0x0000003b6e003b65, RDX=0x0000000000000000
RSP=0x00000000189ef770, RBP=0x0000003b6e003b65, RSI=0x00000000189ef888, RDI=0x00000000022e9c30
R8 =0x0000000016f75800, R9 =0x0000000000000000, R10=0x0000000000000000, R11=0x0000000000000064
R12=0x0000000000000000, R13=0x0000000016f80d38, R14=0x0000000000000000, R15=0x0000000000000000
RIP=0x000000006cd68845, EFLAGS=0x0000000000010206

Top of Stack: (sp=0x00000000189ef770)
0x00000000189ef770:   0000000016f75800 0000000016f75800
0x00000000189ef780:   00000000189ef838 000000006cf6e18b
0x00000000189ef790:   0000000016f75800 000000006cf8a9ed
0x00000000189ef7a0:   0000000000000080 000000006e5f9155
0x00000000189ef7b0:   0000000016f97828 000000006e60291e
0x00000000189ef7c0:   0000000016f75800 0000000000000000
0x00000000189ef7d0:   0000000000000000 0000000000000000
0x00000000189ef7e0:   0000003b6e003b65 000000006e601a15
0x00000000189ef7f0:   00000000189ef888 00000000189ef860
0x00000000189ef800:   0000000000000001 0000000016f97828
0x00000000189ef810:   0000003b6e003b65 000000006e5e53b3
0x00000000189ef820:   00000000189ef950 0000000000000001
0x00000000189ef830:   0000000000000001 0000000016f97828
0x00000000189ef840:   000000000000000a 0000000000000000
0x00000000189ef850:   0000000000000000 0000000000000000
0x00000000189ef860:   0000000000000001 000000006e5e5571 

Instructions: (pc=0x000000006cd68845)
0x000000006cd68825:   cc cc cc cc cc cc cc cc cc cc cc 48 83 ec 28 48
0x000000006cd68835:   85 c9 75 07 33 c0 48 83 c4 28 c3 48 89 5c 24 20
0x000000006cd68845:   48 8b 19 48 85 db 74 20 48 83 fb 37 74 1a 48 8b
0x000000006cd68855:   13 48 8b cb ff 52 10 84 c0 74 0d 48 8b c3 48 8b 


Register to memory mapping:

RAX=0x00000000189ef701 is pointing into the stack for thread: 0x0000000016f75800
RBX=0x0000000016f75800 is a thread
RCX=0x0000003b6e003b65 is an unknown value
RDX=0x0000000000000000 is an unknown value
RSP=0x00000000189ef770 is pointing into the stack for thread: 0x0000000016f75800
RBP=0x0000003b6e003b65 is an unknown value
RSI=0x00000000189ef888 is pointing into the stack for thread: 0x0000000016f75800
RDI=0x00000000022e9c30 is an unknown value
R8 =0x0000000016f75800 is a thread
R9 =0x0000000000000000 is an unknown value
R10=0x0000000000000000 is an unknown value
R11=0x0000000000000064 is an unknown value
R12=0x0000000000000000 is an unknown value
R13=0x0000000016f80d38 is an unknown value
R14=0x0000000000000000 is an unknown value
R15=0x0000000000000000 is an unknown value


Stack: [0x00000000188f0000,0x00000000189f0000],  sp=0x00000000189ef770,  free space=1021k
Native frames: (J=compiled Java code, j=interpreted, Vv=VM code, C=native code)
V  [jvm.dll+0x128845]
V  [jvm.dll+0x34a9ed]
C  [jdwp.dll+0x21a15]
C  [jdwp.dll+0x53b3]
C  [jdwp.dll+0x5571]
C  [jdwp.dll+0xf0a8]
C  [jdwp.dll+0x1f2d5]
C  [jdwp.dll+0x1f4aa]
V  [jvm.dll+0x1bb8e8]
V  [jvm.dll+0x243134]
V  [jvm.dll+0x299f6a]
C  [msvcr100.dll+0x21d9f]
C  [msvcr100.dll+0x21e3b]
C  [KERNEL32.DLL+0x12d92]
C  [ntdll.dll+0x9f64]


---------------  P R O C E S S  ---------------

Java Threads: ( => current thread )
  0x0000000016fce800 JavaThread "Service Thread" daemon [_thread_blocked, id=9588, stack(0x00000000192f0000,0x00000000193f0000)]
  0x0000000016f9e800 JavaThread "C1 CompilerThread2" daemon [_thread_blocked, id=5124, stack(0x0000000018df0000,0x0000000018ef0000)]
  0x0000000016f9d000 JavaThread "C2 CompilerThread1" daemon [_thread_blocked, id=11104, stack(0x0000000018cf0000,0x0000000018df0000)]
  0x0000000016f98800 JavaThread "C2 CompilerThread0" daemon [_thread_blocked, id=11204, stack(0x0000000018bf0000,0x0000000018cf0000)]
  0x0000000016f89800 JavaThread "JDWP Command Reader" daemon [_thread_in_native, id=10116, stack(0x0000000018af0000,0x0000000018bf0000)]
  0x0000000016f86000 JavaThread "JDWP Event Helper Thread" daemon [_thread_blocked, id=5024, stack(0x00000000189f0000,0x0000000018af0000)]
=>0x0000000016f75800 JavaThread "JDWP Transport Listener: dt_socket" daemon [_thread_in_vm, id=12096, stack(0x00000000188f0000,0x00000000189f0000)]
  0x0000000016f6e000 JavaThread "Attach Listener" daemon [_thread_blocked, id=8900, stack(0x00000000184b0000,0x00000000185b0000)]
  0x0000000016f6d000 JavaThread "Signal Dispatcher" daemon [_thread_blocked, id=14300, stack(0x00000000183b0000,0x00000000184b0000)]
  0x00000000023ea000 JavaThread "Finalizer" daemon [_thread_blocked, id=13664, stack(0x00000000181d0000,0x00000000182d0000)]
  0x00000000023e1000 JavaThread "Reference Handler" daemon [_thread_blocked, id=5688, stack(0x00000000180d0000,0x00000000181d0000)]
  0x00000000022ee800 JavaThread "main" [_thread_blocked, id=6412, stack(0x0000000002130000,0x0000000002230000)]

Other Threads:
  0x0000000016f38000 VMThread [stack: 0x0000000017fd0000,0x00000000180d0000] [id=13636]
  0x0000000018f3e800 WatcherThread [stack: 0x00000000193f0000,0x00000000194f0000] [id=12680]

VM state:not at safepoint (normal execution)

VM Mutex/Monitor currently owned by a thread: None

Heap:
 PSYoungGen      total 38400K, used 2662K [0x00000000d5b80000, 0x00000000d8600000, 0x0000000100000000)
  eden space 33280K, 8% used [0x00000000d5b80000,0x00000000d5e19a70,0x00000000d7c00000)
  from space 5120K, 0% used [0x00000000d8100000,0x00000000d8100000,0x00000000d8600000)
  to   space 5120K, 0% used [0x00000000d7c00000,0x00000000d7c00000,0x00000000d8100000)
 ParOldGen       total 87552K, used 0K [0x0000000081200000, 0x0000000086780000, 0x00000000d5b80000)
  object space 87552K, 0% used [0x0000000081200000,0x0000000081200000,0x0000000086780000)
 Metaspace       used 2585K, capacity 4564K, committed 4864K, reserved 1056768K
  class space    used 285K, capacity 388K, committed 512K, reserved 1048576K

Card table byte_map: [0x00000000117b0000,0x0000000011bb0000] byte_map_base: 0x00000000113a7000

Marking Bits: (ParMarkBitMap*) 0x000000006d44a5b0
 Begin Bits: [0x0000000012260000, 0x0000000014218000)
 End Bits:   [0x0000000014218000, 0x00000000161d0000)

Polling page: 0x0000000000550000

CodeCache: size=245760Kb used=1099Kb max_used=1107Kb free=244660Kb
 bounds [0x00000000023f0000, 0x0000000002660000, 0x00000000113f0000]
 total_blobs=249 nmethods=26 adapters=145
 compilation: enabled

Compilation events (10 events):
Event: 0.216 Thread 0x0000000016f9e800   21       3       java.lang.String::getChars (62 bytes)
Event: 0.216 Thread 0x0000000016f9e800 nmethod 21 0x0000000002500e90 code [0x0000000002501060, 0x0000000002501518]
Event: 0.216 Thread 0x0000000016f9e800   23       3       java.lang.AbstractStringBuilder::append (50 bytes)
Event: 0.216 Thread 0x0000000016f98800   24       4       java.lang.String::charAt (29 bytes)
Event: 0.217 Thread 0x0000000016f9e800 nmethod 23 0x00000000025017d0 code [0x0000000002501960, 0x0000000002501e68]
Event: 0.217 Thread 0x0000000016f98800 nmethod 24 0x0000000002504d50 code [0x0000000002504ea0, 0x0000000002504f98]
Event: 0.220 Thread 0x0000000016f9e800   25       3       java.lang.StringBuilder::append (8 bytes)
Event: 0.220 Thread 0x0000000016f9e800 nmethod 25 0x0000000002504190 code [0x0000000002504300, 0x00000000025044a8]
Event: 288.527 Thread 0x0000000016f9e800   26       3       java.lang.System::getSecurityManager (4 bytes)
Event: 288.527 Thread 0x0000000016f9e800 nmethod 26 0x0000000002503e90 code [0x0000000002503fe0, 0x0000000002504110]

GC Heap History (0 events):
No events

Deoptimization events (0 events):
No events

Internal exceptions (2 events):
Event: 0.045 Thread 0x00000000022ee800 Exception <a 'java/lang/NoSuchMethodError': Method sun.misc.Unsafe.defineClass(Ljava/lang/String;[BII)Ljava/lang/Class; name or signature does not match> (0x00000000d5b8d8f8) thrown at [C:\re\workspace\8-2-build-windows-amd64-cygwin\jdk8u60\4407\hotspot\sr¸6	î$å¦?
Event: 0.045 Thread 0x00000000022ee800 Exception <a 'java/lang/NoSuchMethodError': Method sun.misc.Unsafe.prefetchRead(Ljava/lang/Object;J)V name or signature does not match> (0x00000000d5b8dbe0) thrown at [C:\re\workspace\8-2-build-windows-amd64-cygwin\jdk8u60\4407\hotspot\src\share\vm\prims\j

Events (10 events):
Event: 108.658 Executing VM operation: RedefineClasses
Event: 108.658 Executing VM operation: RedefineClasses done
Event: 108.675 Executing VM operation: ChangeBreakpoints
Event: 108.675 Executing VM operation: ChangeBreakpoints done
Event: 159.875 Executing VM operation: RedefineClasses
Event: 159.875 Executing VM operation: RedefineClasses done
Event: 159.884 Executing VM operation: ChangeBreakpoints
Event: 159.884 Executing VM operation: ChangeBreakpoints done
Event: 288.527 Executing VM operation: RedefineClasses
Event: 288.528 Executing VM operation: RedefineClasses done


Dynamic libraries:
0x00007ff6d6800000 - 0x00007ff6d6837000 	C:\Program Files\Java\jre1.8.0_60\bin\javaw.exe
0x00007ffe23d30000 - 0x00007ffe23ef1000 	C:\WINDOWS\SYSTEM32\ntdll.dll
0x00007ffe236d0000 - 0x00007ffe2377d000 	C:\WINDOWS\system32\KERNEL32.DLL
0x00007ffe21200000 - 0x00007ffe213dd000 	C:\WINDOWS\system32\KERNELBASE.dll
0x00007ffe23780000 - 0x00007ffe23826000 	C:\WINDOWS\system32\ADVAPI32.dll
0x00007ffe214c0000 - 0x00007ffe2155d000 	C:\WINDOWS\system32\msvcrt.dll
0x00007ffe23830000 - 0x00007ffe2388b000 	C:\WINDOWS\system32\sechost.dll
0x00007ffe23390000 - 0x00007ffe234b6000 	C:\WINDOWS\system32\RPCRT4.dll
0x00007ffe219b0000 - 0x00007ffe21afe000 	C:\WINDOWS\system32\USER32.dll
0x00007ffe215d0000 - 0x00007ffe21756000 	C:\WINDOWS\system32\GDI32.dll
0x00007ffe1a4d0000 - 0x00007ffe1a744000 	C:\WINDOWS\WinSxS\amd64_microsoft.windows.common-controls_6595b64144ccf1df_6.0.10240.16384_none_f41f7b285750ef43\COMCTL32.dll
0x00007ffe21760000 - 0x00007ffe21796000 	C:\WINDOWS\system32\IMM32.DLL
0x00007ffe234c0000 - 0x00007ffe2361c000 	C:\WINDOWS\system32\MSCTF.dll
0x000000006e620000 - 0x000000006e6f2000 	C:\Program Files\Java\jre1.8.0_60\bin\msvcr100.dll
0x000000006cc40000 - 0x000000006d4c9000 	C:\Program Files\Java\jre1.8.0_60\bin\server\jvm.dll
0x00007ffe23a70000 - 0x00007ffe23a78000 	C:\WINDOWS\system32\PSAPI.DLL
0x00007ffe18d30000 - 0x00007ffe18d39000 	C:\WINDOWS\SYSTEM32\WSOCK32.dll
0x00007ffe23c40000 - 0x00007ffe23ca9000 	C:\WINDOWS\system32\WS2_32.dll
0x00007ffe23890000 - 0x00007ffe23898000 	C:\WINDOWS\system32\NSI.dll
0x00007ffe1e840000 - 0x00007ffe1e863000 	C:\WINDOWS\SYSTEM32\WINMM.dll
0x00007ffe1dd60000 - 0x00007ffe1dd6a000 	C:\WINDOWS\SYSTEM32\VERSION.dll
0x00007ffe1e810000 - 0x00007ffe1e83c000 	C:\WINDOWS\SYSTEM32\WINMMBASE.dll
0x00007ffe20890000 - 0x00007ffe208d4000 	C:\WINDOWS\system32\cfgmgr32.dll
0x00007ffe1f0b0000 - 0x00007ffe1f0d7000 	C:\WINDOWS\SYSTEM32\DEVOBJ.dll
0x000000006e7e0000 - 0x000000006e7ef000 	C:\Program Files\Java\jre1.8.0_60\bin\verify.dll
0x000000006e7b0000 - 0x000000006e7d9000 	C:\Program Files\Java\jre1.8.0_60\bin\java.dll
0x000000006e5e0000 - 0x000000006e615000 	C:\Program Files\Java\jre1.8.0_60\bin\jdwp.dll
0x000000006e5d0000 - 0x000000006e5d8000 	C:\Program Files\Java\jre1.8.0_60\bin\npt.dll
0x000000006e790000 - 0x000000006e7a6000 	C:\Program Files\Java\jre1.8.0_60\bin\zip.dll
0x00007ffe21b00000 - 0x00007ffe23022000 	C:\WINDOWS\system32\SHELL32.dll
0x00007ffe208e0000 - 0x00007ffe20f09000 	C:\WINDOWS\system32\windows.storage.dll
0x00007ffe23110000 - 0x00007ffe2338c000 	C:\WINDOWS\system32\combase.dll
0x00007ffe21950000 - 0x00007ffe219a1000 	C:\WINDOWS\system32\shlwapi.dll
0x00007ffe20760000 - 0x00007ffe2076f000 	C:\WINDOWS\system32\kernel.appcore.dll
0x00007ffe20f10000 - 0x00007ffe20fc3000 	C:\WINDOWS\system32\shcore.dll
0x00007ffe20790000 - 0x00007ffe207da000 	C:\WINDOWS\system32\powrprof.dll
0x00007ffe20740000 - 0x00007ffe20753000 	C:\WINDOWS\system32\profapi.dll
0x000000006e5c0000 - 0x000000006e5c9000 	C:\Program Files\Java\jre1.8.0_60\bin\dt_socket.dll
0x00007ffe1dd70000 - 0x00007ffe1dd88000 	C:\WINDOWS\system32\NLAapi.dll
0x00007ffe0ec40000 - 0x00007ffe0ec55000 	C:\WINDOWS\system32\napinsp.dll
0x00007ffe0ec60000 - 0x00007ffe0ec7a000 	C:\WINDOWS\system32\pnrpnsp.dll
0x00007ffe1ff70000 - 0x00007ffe1ffcd000 	C:\WINDOWS\System32\mswsock.dll
0x00007ffe1fcb0000 - 0x00007ffe1fd58000 	C:\WINDOWS\SYSTEM32\DNSAPI.dll
0x00007ffe0ec80000 - 0x00007ffe0ec8d000 	C:\WINDOWS\System32\winrnr.dll
0x00007ffe1b810000 - 0x00007ffe1b878000 	C:\WINDOWS\System32\fwpuclnt.dll
0x00007ffe20280000 - 0x00007ffe202a8000 	C:\WINDOWS\SYSTEM32\bcrypt.dll
0x00007ffe18c20000 - 0x00007ffe18c2a000 	C:\Windows\System32\rasadhlp.dll
0x00007ffdef4b0000 - 0x00007ffdef63a000 	C:\WINDOWS\SYSTEM32\dbghelp.dll

VM Arguments:
jvm_args: -agentlib:jdwp=transport=dt_socket,suspend=y,address=localhost:61223 -Dfile.encoding=Cp1252 
java_command: de.leon.quicksort.Quicksort
java_class_path (initial): E:\Leon Schmidt\My Documents\Java\Projects\Quicksort\Quicksort\bin
Launcher Type: SUN_STANDARD

Environment Variables:
PATH=C:/Program Files/Java/jre1.8.0_60/bin/server;C:/Program Files/Java/jre1.8.0_60/bin;C:/Program Files/Java/jre1.8.0_60/lib/amd64;C:\Program Files\Haskell\bin;C:\Program Files\Haskell Platform\7.10.2-a\lib\extralibs\bin;C:\Program Files\Haskell Platform\7.10.2-a\bin;C:\Program Files (x86)\NVIDIA Corporation\PhysX\Common;C:\ProgramData\Oracle\Java\javapath;C:\Program Files\Common Files\Microsoft Shared\Windows Live;C:\Program Files (x86)\Common Files\Microsoft Shared\Windows Live;C:\WINDOWS\system32;C:\WINDOWS;C:\WINDOWS\System32\Wbem;C:\WINDOWS\System32\WindowsPowerShell\v1.0\;C:\Program Files (x86)\AMD\ATI.ACE\Core-Static;C:\Program Files (x86)\ATI Technologies\ATI.ACE\Core-Static;C:\Program Files\OpenVPN\bin;C:\Program Files (x86)\Windows Live\Shared;C:\Program Files\Java\jdk1.8.0_60\bin;C:\Program Files\Haskell Platform\7.10.2-a\mingw\bin;C:\Program Files (x86)\Skype\Phone\;C:\Program Files (x86)\Windows Kits\8.1\Windows Performance Toolkit\;C:\Users\Leon Schmidt\AppData\Roaming\cabal\bin;E:\Leon Schmidt\My Documents\Java;
USERNAME=Leon
OS=Windows_NT
PROCESSOR_IDENTIFIER=Intel64 Family 6 Model 60 Stepping 3, GenuineIntel



---------------  S Y S T E M  ---------------

OS: Windows 10.0 , 64 bit Build 10240 (10.0.10240.16384)

CPU:total 4 (4 cores per cpu, 1 threads per core) family 6 model 60 stepping 3, cmov, cx8, fxsr, mmx, sse, sse2, sse3, ssse3, sse4.1, sse4.2, popcnt, avx, avx2, aes, clmul, erms, lzcnt, tsc, tscinvbit, bmi1, bmi2

Memory: 4k page, physical 8314868k(3767076k free), swap 16703476k(10103504k free)

vm_info: Java HotSpot(TM) 64-Bit Server VM (25.60-b23) for windows-amd64 JRE (1.8.0_60-b27), built on Aug  4 2015 11:06:27 by "java_re" with MS VC++ 10.0 (VS2010)

time: Sun Oct 18 16:12:15 2015
elapsed time: 288 seconds (0d 0h 4m 48s)

